<?xml version="1.0" encoding="UTF-8"?>
<!-- Generated by org.testng.reporters.JUnitReportReporter -->
<testsuite hostname="Thanku" failures="0" tests="1" name="login.DWS_Cart_03_Test" time="2.313" errors="0" timestamp="2023-11-03T15:04:01 IST" skipped="0">
  <testcase classname="login.DWS_Cart_03_Test" name="addProductToCart" time="2.313"/>
  <system-out/>
</testsuite> <!-- login.DWS_Cart_03_Test -->
