<?xml version="1.0" encoding="UTF-8"?>
<!-- Generated by org.testng.reporters.JUnitReportReporter -->
<testsuite hostname="Thanku" failures="0" tests="4" name="frameWorkCheck.ExcelCheck" time="0.009" errors="0" timestamp="2023-10-27T14:20:31 IST" skipped="0">
  <testcase classname="frameWorkCheck.ExcelCheck" name="read" time="0.001"/>
  <system-out/>
  <testcase classname="frameWorkCheck.ExcelCheck" name="read" time="0.001"/>
  <system-out/>
  <testcase classname="frameWorkCheck.ExcelCheck" name="read" time="0.006"/>
  <system-out/>
  <testcase classname="frameWorkCheck.ExcelCheck" name="read" time="0.001"/>
  <system-out/>
</testsuite> <!-- frameWorkCheck.ExcelCheck -->
