<?xml version="1.0" encoding="UTF-8"?>
<!-- Generated by org.testng.reporters.JUnitReportReporter -->
<testsuite hostname="Thanku" failures="0" tests="1" name="login.DWS_Desktop_05_Test" time="16.626" errors="0" timestamp="2023-11-03T23:14:09 IST" skipped="0">
  <testcase classname="login.DWS_Desktop_05_Test" name="addDesktopToCart" time="16.626"/>
  <system-out/>
</testsuite> <!-- login.DWS_Desktop_05_Test -->
