<?xml version="1.0" encoding="UTF-8"?>
<!-- Generated by org.testng.reporters.JUnitReportReporter -->
<testsuite hostname="Thanku" failures="0" tests="1" name="login.DWS_Desktop_06_Test" time="10.000" errors="0" timestamp="2023-11-03T23:14:40 IST" skipped="0">
  <testcase classname="login.DWS_Desktop_06_Test" name="addProductToCompareandRemove" time="10.000"/>
  <system-out/>
</testsuite> <!-- login.DWS_Desktop_06_Test -->
