<?xml version="1.0" encoding="UTF-8"?>
<!-- Generated by org.testng.reporters.JUnitReportReporter -->
<testsuite hostname="Thanku" failures="0" tests="1" name="login.DWS_Book_04_Test" time="1.914" errors="0" timestamp="2023-11-03T15:04:21 IST" skipped="0">
  <testcase classname="login.DWS_Book_04_Test" name="addBookToCart" time="1.914"/>
  <system-out/>
</testsuite> <!-- login.DWS_Book_04_Test -->
