<?xml version="1.0" encoding="UTF-8"?>
<!-- Generated by org.testng.reporters.JUnitReportReporter -->
<testsuite hostname="Thanku" failures="0" tests="1" name="login.DWS_jewelry_09_Test" time="9.167" errors="0" timestamp="2023-11-03T21:58:16 IST" skipped="0">
  <testcase classname="login.DWS_jewelry_09_Test" name="addProductToWishlistandCheck" time="9.167"/>
  <system-out/>
</testsuite> <!-- login.DWS_jewelry_09_Test -->
