<?xml version="1.0" encoding="UTF-8"?>
<!-- Generated by org.testng.reporters.JUnitReportReporter -->
<testsuite hostname="Thanku" failures="0" tests="1" name="login.DWS_Register_02_Test" time="1.771" errors="0" timestamp="2023-11-03T15:03:43 IST" skipped="0">
  <testcase classname="login.DWS_Register_02_Test" name="userRegisteration" time="1.771"/>
  <system-out/>
</testsuite> <!-- login.DWS_Register_02_Test -->
