<?xml version="1.0" encoding="UTF-8"?>
<!-- Generated by org.testng.reporters.JUnitReportReporter -->
<testsuite hostname="Thanku" failures="0" tests="1" name="login.DWS_Jewelry_08_Test" time="7.719" errors="0" timestamp="2023-11-03T21:55:56 IST" skipped="0">
  <testcase classname="login.DWS_Jewelry_08_Test" name="emailaFriendandCheckErrorMessage" time="7.719"/>
  <system-out/>
</testsuite> <!-- login.DWS_Jewelry_08_Test -->
