<?xml version="1.0" encoding="UTF-8"?>
<!-- Generated by org.testng.reporters.JUnitReportReporter -->
<testsuite hostname="Thanku" failures="0" tests="1" name="login.DWS_Jewelry_10_Test" time="2.945" errors="0" timestamp="2023-11-04T14:09:19 IST" skipped="0">
  <testcase classname="login.DWS_Jewelry_10_Test" name="AddProductToWishlistandRemov" time="2.945"/>
  <system-out/>
</testsuite> <!-- login.DWS_Jewelry_10_Test -->
